Loading cora dataset...
Epoch: 0001 loss_train: 2.8844 acc_train: 0.0000 loss_val: 2.8726 acc_val: 0.0000 time: 0.3839s
Epoch: 0002 loss_train: 2.8574 acc_train: 0.0000 loss_val: 2.8471 acc_val: 0.0000 time: 0.0070s
Epoch: 0003 loss_train: 2.8244 acc_train: 0.0214 loss_val: 2.8207 acc_val: 0.1567 time: 0.0070s
Epoch: 0004 loss_train: 2.8093 acc_train: 0.0929 loss_val: 2.7930 acc_val: 0.1567 time: 0.0070s
Epoch: 0005 loss_train: 2.7765 acc_train: 0.1714 loss_val: 2.7636 acc_val: 0.1567 time: 0.0070s
Epoch: 0006 loss_train: 2.7473 acc_train: 0.1857 loss_val: 2.7325 acc_val: 0.1567 time: 0.0070s
Epoch: 0007 loss_train: 2.7114 acc_train: 0.2000 loss_val: 2.6993 acc_val: 0.1567 time: 0.0070s
Epoch: 0008 loss_train: 2.6785 acc_train: 0.2000 loss_val: 2.6643 acc_val: 0.1567 time: 0.0070s
Epoch: 0009 loss_train: 2.6457 acc_train: 0.2000 loss_val: 2.6275 acc_val: 0.1567 time: 0.0070s
Epoch: 0010 loss_train: 2.6033 acc_train: 0.2000 loss_val: 2.5891 acc_val: 0.1567 time: 0.0070s
Epoch: 0011 loss_train: 2.5634 acc_train: 0.2000 loss_val: 2.5494 acc_val: 0.1567 time: 0.0070s
Epoch: 0012 loss_train: 2.5299 acc_train: 0.2000 loss_val: 2.5084 acc_val: 0.1567 time: 0.0070s
Epoch: 0013 loss_train: 2.4874 acc_train: 0.2000 loss_val: 2.4666 acc_val: 0.1567 time: 0.0070s
Epoch: 0014 loss_train: 2.4571 acc_train: 0.2000 loss_val: 2.4244 acc_val: 0.1567 time: 0.0070s
Epoch: 0015 loss_train: 2.4139 acc_train: 0.2000 loss_val: 2.3819 acc_val: 0.1567 time: 0.0070s
Epoch: 0016 loss_train: 2.3559 acc_train: 0.1929 loss_val: 2.3396 acc_val: 0.1567 time: 0.0070s
Epoch: 0017 loss_train: 2.3212 acc_train: 0.2000 loss_val: 2.2978 acc_val: 0.1567 time: 0.0080s
Epoch: 0018 loss_train: 2.2699 acc_train: 0.2071 loss_val: 2.2568 acc_val: 0.1567 time: 0.0080s
Epoch: 0019 loss_train: 2.2264 acc_train: 0.2000 loss_val: 2.2170 acc_val: 0.1567 time: 0.0070s
Epoch: 0020 loss_train: 2.2081 acc_train: 0.2000 loss_val: 2.1787 acc_val: 0.1567 time: 0.0070s
Epoch: 0021 loss_train: 2.1407 acc_train: 0.2000 loss_val: 2.1421 acc_val: 0.1567 time: 0.0070s
Epoch: 0022 loss_train: 2.1192 acc_train: 0.2000 loss_val: 2.1074 acc_val: 0.1567 time: 0.0070s
Epoch: 0023 loss_train: 2.0806 acc_train: 0.2000 loss_val: 2.0748 acc_val: 0.1567 time: 0.0070s
Epoch: 0024 loss_train: 2.0342 acc_train: 0.2143 loss_val: 2.0443 acc_val: 0.1567 time: 0.0070s
Epoch: 0025 loss_train: 2.0086 acc_train: 0.1929 loss_val: 2.0158 acc_val: 0.1567 time: 0.0080s
Epoch: 0026 loss_train: 2.0050 acc_train: 0.2000 loss_val: 1.9893 acc_val: 0.1567 time: 0.0060s
Epoch: 0027 loss_train: 1.9564 acc_train: 0.2071 loss_val: 1.9642 acc_val: 0.1567 time: 0.0070s
Epoch: 0028 loss_train: 1.9592 acc_train: 0.2286 loss_val: 1.9407 acc_val: 0.1567 time: 0.0060s
Epoch: 0029 loss_train: 1.9257 acc_train: 0.1929 loss_val: 1.9186 acc_val: 0.1567 time: 0.0070s
Epoch: 0030 loss_train: 1.8958 acc_train: 0.2286 loss_val: 1.8975 acc_val: 0.2633 time: 0.0060s
Epoch: 0031 loss_train: 1.8959 acc_train: 0.2071 loss_val: 1.8777 acc_val: 0.3567 time: 0.0070s
Epoch: 0032 loss_train: 1.8778 acc_train: 0.2643 loss_val: 1.8594 acc_val: 0.3500 time: 0.0060s
Epoch: 0033 loss_train: 1.8590 acc_train: 0.3214 loss_val: 1.8426 acc_val: 0.3500 time: 0.0069s
Epoch: 0034 loss_train: 1.8562 acc_train: 0.2786 loss_val: 1.8275 acc_val: 0.3500 time: 0.0060s
Epoch: 0035 loss_train: 1.8072 acc_train: 0.3286 loss_val: 1.8139 acc_val: 0.3500 time: 0.0070s
Epoch: 0036 loss_train: 1.8813 acc_train: 0.3000 loss_val: 1.8020 acc_val: 0.3500 time: 0.0060s
Epoch: 0037 loss_train: 1.8589 acc_train: 0.2929 loss_val: 1.7917 acc_val: 0.3500 time: 0.0060s
Epoch: 0038 loss_train: 1.8148 acc_train: 0.2929 loss_val: 1.7827 acc_val: 0.3500 time: 0.0060s
Epoch: 0039 loss_train: 1.7995 acc_train: 0.2929 loss_val: 1.7750 acc_val: 0.3500 time: 0.0060s
Epoch: 0040 loss_train: 1.7730 acc_train: 0.2929 loss_val: 1.7684 acc_val: 0.3500 time: 0.0059s
Epoch: 0041 loss_train: 1.7820 acc_train: 0.2929 loss_val: 1.7624 acc_val: 0.3500 time: 0.0070s
Epoch: 0042 loss_train: 1.7628 acc_train: 0.2929 loss_val: 1.7568 acc_val: 0.3500 time: 0.0060s
Epoch: 0043 loss_train: 1.7917 acc_train: 0.2929 loss_val: 1.7518 acc_val: 0.3500 time: 0.0070s
Epoch: 0044 loss_train: 1.7717 acc_train: 0.2929 loss_val: 1.7472 acc_val: 0.3500 time: 0.0060s
Epoch: 0045 loss_train: 1.7508 acc_train: 0.3000 loss_val: 1.7431 acc_val: 0.3500 time: 0.0060s
Epoch: 0046 loss_train: 1.7637 acc_train: 0.3000 loss_val: 1.7393 acc_val: 0.3500 time: 0.0060s
Epoch: 0047 loss_train: 1.7864 acc_train: 0.2929 loss_val: 1.7359 acc_val: 0.3500 time: 0.0070s
Epoch: 0048 loss_train: 1.7421 acc_train: 0.2929 loss_val: 1.7328 acc_val: 0.3500 time: 0.0070s
Epoch: 0049 loss_train: 1.7387 acc_train: 0.3071 loss_val: 1.7300 acc_val: 0.3500 time: 0.0060s
Epoch: 0050 loss_train: 1.7344 acc_train: 0.3143 loss_val: 1.7270 acc_val: 0.3500 time: 0.0060s
Epoch: 0051 loss_train: 1.7326 acc_train: 0.3000 loss_val: 1.7242 acc_val: 0.3500 time: 0.0070s
Epoch: 0052 loss_train: 1.7219 acc_train: 0.3071 loss_val: 1.7213 acc_val: 0.3500 time: 0.0060s
Epoch: 0053 loss_train: 1.7147 acc_train: 0.3214 loss_val: 1.7178 acc_val: 0.3533 time: 0.0060s
Epoch: 0054 loss_train: 1.7054 acc_train: 0.3286 loss_val: 1.7138 acc_val: 0.3533 time: 0.0060s
Epoch: 0055 loss_train: 1.7066 acc_train: 0.3714 loss_val: 1.7092 acc_val: 0.3600 time: 0.0070s
Epoch: 0056 loss_train: 1.6855 acc_train: 0.3643 loss_val: 1.7039 acc_val: 0.3633 time: 0.0060s
Epoch: 0057 loss_train: 1.6892 acc_train: 0.3357 loss_val: 1.6981 acc_val: 0.3633 time: 0.0060s
Epoch: 0058 loss_train: 1.6762 acc_train: 0.3429 loss_val: 1.6913 acc_val: 0.3633 time: 0.0070s
Epoch: 0059 loss_train: 1.6502 acc_train: 0.3643 loss_val: 1.6837 acc_val: 0.3633 time: 0.0060s
Epoch: 0060 loss_train: 1.6620 acc_train: 0.3929 loss_val: 1.6756 acc_val: 0.3633 time: 0.0060s
Epoch: 0061 loss_train: 1.6585 acc_train: 0.3714 loss_val: 1.6672 acc_val: 0.3633 time: 0.0070s
Epoch: 0062 loss_train: 1.6568 acc_train: 0.3500 loss_val: 1.6585 acc_val: 0.3633 time: 0.0060s
Epoch: 0063 loss_train: 1.6035 acc_train: 0.3643 loss_val: 1.6495 acc_val: 0.3633 time: 0.0060s
Epoch: 0064 loss_train: 1.6240 acc_train: 0.3357 loss_val: 1.6404 acc_val: 0.3633 time: 0.0069s
Epoch: 0065 loss_train: 1.5501 acc_train: 0.3857 loss_val: 1.6312 acc_val: 0.3633 time: 0.0060s
Epoch: 0066 loss_train: 1.6177 acc_train: 0.3643 loss_val: 1.6220 acc_val: 0.3633 time: 0.0060s
Epoch: 0067 loss_train: 1.5844 acc_train: 0.3714 loss_val: 1.6126 acc_val: 0.3633 time: 0.0070s
Epoch: 0068 loss_train: 1.5961 acc_train: 0.3500 loss_val: 1.6033 acc_val: 0.3633 time: 0.0060s
Epoch: 0069 loss_train: 1.5414 acc_train: 0.4071 loss_val: 1.5939 acc_val: 0.3600 time: 0.0060s
Epoch: 0070 loss_train: 1.5296 acc_train: 0.3500 loss_val: 1.5845 acc_val: 0.3600 time: 0.0070s
Epoch: 0071 loss_train: 1.5178 acc_train: 0.3786 loss_val: 1.5750 acc_val: 0.3600 time: 0.0060s
Epoch: 0072 loss_train: 1.5269 acc_train: 0.4071 loss_val: 1.5652 acc_val: 0.3767 time: 0.0060s
Epoch: 0073 loss_train: 1.5227 acc_train: 0.4071 loss_val: 1.5550 acc_val: 0.3900 time: 0.0060s
Epoch: 0074 loss_train: 1.5175 acc_train: 0.4071 loss_val: 1.5446 acc_val: 0.3933 time: 0.0070s
Epoch: 0075 loss_train: 1.4711 acc_train: 0.4214 loss_val: 1.5342 acc_val: 0.4000 time: 0.0060s
Epoch: 0076 loss_train: 1.4558 acc_train: 0.4857 loss_val: 1.5237 acc_val: 0.4233 time: 0.0060s
Epoch: 0077 loss_train: 1.4729 acc_train: 0.4643 loss_val: 1.5133 acc_val: 0.4400 time: 0.0070s
Epoch: 0078 loss_train: 1.4155 acc_train: 0.5071 loss_val: 1.5022 acc_val: 0.4500 time: 0.0060s
Epoch: 0079 loss_train: 1.4227 acc_train: 0.4857 loss_val: 1.4903 acc_val: 0.4600 time: 0.0060s
Epoch: 0080 loss_train: 1.3923 acc_train: 0.5357 loss_val: 1.4783 acc_val: 0.4800 time: 0.0060s
Epoch: 0081 loss_train: 1.3962 acc_train: 0.5071 loss_val: 1.4660 acc_val: 0.4967 time: 0.0060s
Epoch: 0082 loss_train: 1.3838 acc_train: 0.5357 loss_val: 1.4533 acc_val: 0.5100 time: 0.0060s
Epoch: 0083 loss_train: 1.3239 acc_train: 0.6071 loss_val: 1.4404 acc_val: 0.5200 time: 0.0060s
Epoch: 0084 loss_train: 1.3196 acc_train: 0.5857 loss_val: 1.4278 acc_val: 0.5300 time: 0.0069s
Epoch: 0085 loss_train: 1.3009 acc_train: 0.6500 loss_val: 1.4158 acc_val: 0.5533 time: 0.0060s
Epoch: 0086 loss_train: 1.3081 acc_train: 0.5571 loss_val: 1.4030 acc_val: 0.5667 time: 0.0060s
Epoch: 0087 loss_train: 1.3163 acc_train: 0.6214 loss_val: 1.3899 acc_val: 0.5733 time: 0.0070s
Epoch: 0088 loss_train: 1.3365 acc_train: 0.5786 loss_val: 1.3760 acc_val: 0.5800 time: 0.0059s
Epoch: 0089 loss_train: 1.3000 acc_train: 0.5714 loss_val: 1.3626 acc_val: 0.5800 time: 0.0060s
Epoch: 0090 loss_train: 1.2431 acc_train: 0.6643 loss_val: 1.3488 acc_val: 0.5767 time: 0.0070s
Epoch: 0091 loss_train: 1.2347 acc_train: 0.5929 loss_val: 1.3350 acc_val: 0.5733 time: 0.0060s
Epoch: 0092 loss_train: 1.2734 acc_train: 0.6000 loss_val: 1.3215 acc_val: 0.5867 time: 0.0060s
Epoch: 0093 loss_train: 1.2261 acc_train: 0.6429 loss_val: 1.3079 acc_val: 0.5967 time: 0.0060s
Epoch: 0094 loss_train: 1.1860 acc_train: 0.6929 loss_val: 1.2942 acc_val: 0.6033 time: 0.0060s
Epoch: 0095 loss_train: 1.1807 acc_train: 0.6786 loss_val: 1.2809 acc_val: 0.6033 time: 0.0070s
Epoch: 0096 loss_train: 1.1992 acc_train: 0.7143 loss_val: 1.2672 acc_val: 0.6133 time: 0.0060s
Epoch: 0097 loss_train: 1.1302 acc_train: 0.7143 loss_val: 1.2536 acc_val: 0.6233 time: 0.0060s
Epoch: 0098 loss_train: 1.1427 acc_train: 0.6929 loss_val: 1.2407 acc_val: 0.6400 time: 0.0060s
Epoch: 0099 loss_train: 1.0584 acc_train: 0.7357 loss_val: 1.2280 acc_val: 0.6500 time: 0.0060s
Epoch: 0100 loss_train: 1.0546 acc_train: 0.7429 loss_val: 1.2156 acc_val: 0.6667 time: 0.0060s
Epoch: 0101 loss_train: 1.0944 acc_train: 0.7000 loss_val: 1.2033 acc_val: 0.6933 time: 0.0060s
Epoch: 0102 loss_train: 1.0375 acc_train: 0.7643 loss_val: 1.1913 acc_val: 0.7233 time: 0.0060s
Epoch: 0103 loss_train: 1.0265 acc_train: 0.7500 loss_val: 1.1793 acc_val: 0.7300 time: 0.0070s
Epoch: 0104 loss_train: 1.0334 acc_train: 0.7643 loss_val: 1.1681 acc_val: 0.7367 time: 0.0060s
Epoch: 0105 loss_train: 1.0059 acc_train: 0.7500 loss_val: 1.1571 acc_val: 0.7433 time: 0.0060s
Epoch: 0106 loss_train: 0.9830 acc_train: 0.7500 loss_val: 1.1460 acc_val: 0.7567 time: 0.0060s
Epoch: 0107 loss_train: 1.0123 acc_train: 0.7429 loss_val: 1.1352 acc_val: 0.7600 time: 0.0070s
Epoch: 0108 loss_train: 0.9361 acc_train: 0.8000 loss_val: 1.1245 acc_val: 0.7633 time: 0.0060s
Epoch: 0109 loss_train: 0.9529 acc_train: 0.7643 loss_val: 1.1142 acc_val: 0.7667 time: 0.0060s
Epoch: 0110 loss_train: 0.9697 acc_train: 0.7857 loss_val: 1.1044 acc_val: 0.7667 time: 0.0060s
Epoch: 0111 loss_train: 0.9637 acc_train: 0.7071 loss_val: 1.0939 acc_val: 0.7667 time: 0.0070s
Epoch: 0112 loss_train: 0.9316 acc_train: 0.8000 loss_val: 1.0841 acc_val: 0.7700 time: 0.0060s
Epoch: 0113 loss_train: 0.8797 acc_train: 0.8000 loss_val: 1.0752 acc_val: 0.7733 time: 0.0060s
Epoch: 0114 loss_train: 0.9117 acc_train: 0.8214 loss_val: 1.0660 acc_val: 0.7767 time: 0.0060s
Epoch: 0115 loss_train: 0.9411 acc_train: 0.7929 loss_val: 1.0562 acc_val: 0.7733 time: 0.0070s
Epoch: 0116 loss_train: 0.9315 acc_train: 0.7643 loss_val: 1.0454 acc_val: 0.7733 time: 0.0060s
Epoch: 0117 loss_train: 0.8633 acc_train: 0.8286 loss_val: 1.0352 acc_val: 0.7733 time: 0.0060s
Epoch: 0118 loss_train: 0.8259 acc_train: 0.8143 loss_val: 1.0256 acc_val: 0.7667 time: 0.0060s
Epoch: 0119 loss_train: 0.8276 acc_train: 0.8143 loss_val: 1.0165 acc_val: 0.7733 time: 0.0060s
Epoch: 0120 loss_train: 0.8977 acc_train: 0.7786 loss_val: 1.0080 acc_val: 0.7700 time: 0.0070s
Epoch: 0121 loss_train: 0.8374 acc_train: 0.8500 loss_val: 0.9993 acc_val: 0.7833 time: 0.0060s
Epoch: 0122 loss_train: 0.8345 acc_train: 0.8214 loss_val: 0.9917 acc_val: 0.7800 time: 0.0060s
Epoch: 0123 loss_train: 0.8217 acc_train: 0.8643 loss_val: 0.9844 acc_val: 0.7867 time: 0.0060s
Epoch: 0124 loss_train: 0.8220 acc_train: 0.8071 loss_val: 0.9779 acc_val: 0.7833 time: 0.0060s
Epoch: 0125 loss_train: 0.8502 acc_train: 0.7786 loss_val: 0.9713 acc_val: 0.7933 time: 0.0070s
Epoch: 0126 loss_train: 0.7569 acc_train: 0.8429 loss_val: 0.9639 acc_val: 0.7967 time: 0.0070s
Epoch: 0127 loss_train: 0.7645 acc_train: 0.8357 loss_val: 0.9562 acc_val: 0.7967 time: 0.0060s
Epoch: 0128 loss_train: 0.7389 acc_train: 0.8643 loss_val: 0.9493 acc_val: 0.8000 time: 0.0060s
Epoch: 0129 loss_train: 0.7594 acc_train: 0.8500 loss_val: 0.9423 acc_val: 0.7900 time: 0.0060s
Epoch: 0130 loss_train: 0.7337 acc_train: 0.8071 loss_val: 0.9360 acc_val: 0.7933 time: 0.0070s
Epoch: 0131 loss_train: 0.7749 acc_train: 0.8286 loss_val: 0.9307 acc_val: 0.7933 time: 0.0060s
Epoch: 0132 loss_train: 0.7516 acc_train: 0.8429 loss_val: 0.9260 acc_val: 0.7900 time: 0.0060s
Epoch: 0133 loss_train: 0.7651 acc_train: 0.8214 loss_val: 0.9228 acc_val: 0.7867 time: 0.0060s
Epoch: 0134 loss_train: 0.7149 acc_train: 0.8214 loss_val: 0.9195 acc_val: 0.7867 time: 0.0060s
Epoch: 0135 loss_train: 0.7981 acc_train: 0.8214 loss_val: 0.9149 acc_val: 0.7867 time: 0.0070s
Epoch: 0136 loss_train: 0.6890 acc_train: 0.8571 loss_val: 0.9096 acc_val: 0.7867 time: 0.0060s
Epoch: 0137 loss_train: 0.7263 acc_train: 0.8571 loss_val: 0.9052 acc_val: 0.7867 time: 0.0060s
Epoch: 0138 loss_train: 0.6875 acc_train: 0.8571 loss_val: 0.9004 acc_val: 0.7833 time: 0.0070s
Epoch: 0139 loss_train: 0.6693 acc_train: 0.8571 loss_val: 0.8948 acc_val: 0.7867 time: 0.0070s
Epoch: 0140 loss_train: 0.7216 acc_train: 0.8500 loss_val: 0.8889 acc_val: 0.7900 time: 0.0060s
Epoch: 0141 loss_train: 0.7190 acc_train: 0.8286 loss_val: 0.8845 acc_val: 0.7933 time: 0.0060s
Epoch: 0142 loss_train: 0.6687 acc_train: 0.8500 loss_val: 0.8804 acc_val: 0.7967 time: 0.0060s
Epoch: 0143 loss_train: 0.6418 acc_train: 0.8500 loss_val: 0.8764 acc_val: 0.7967 time: 0.0070s
Epoch: 0144 loss_train: 0.7222 acc_train: 0.8429 loss_val: 0.8720 acc_val: 0.7967 time: 0.0060s
Epoch: 0145 loss_train: 0.6713 acc_train: 0.8143 loss_val: 0.8673 acc_val: 0.8000 time: 0.0060s
Epoch: 0146 loss_train: 0.6820 acc_train: 0.8357 loss_val: 0.8635 acc_val: 0.8033 time: 0.0060s
Epoch: 0147 loss_train: 0.6457 acc_train: 0.8643 loss_val: 0.8589 acc_val: 0.8033 time: 0.0070s
Epoch: 0148 loss_train: 0.6217 acc_train: 0.9000 loss_val: 0.8543 acc_val: 0.7967 time: 0.0060s
Epoch: 0149 loss_train: 0.6466 acc_train: 0.8714 loss_val: 0.8504 acc_val: 0.7967 time: 0.0060s
Epoch: 0150 loss_train: 0.6756 acc_train: 0.8429 loss_val: 0.8476 acc_val: 0.8067 time: 0.0060s
Epoch: 0151 loss_train: 0.6444 acc_train: 0.8857 loss_val: 0.8454 acc_val: 0.7967 time: 0.0070s
Epoch: 0152 loss_train: 0.6392 acc_train: 0.8857 loss_val: 0.8434 acc_val: 0.7967 time: 0.0060s
Epoch: 0153 loss_train: 0.6373 acc_train: 0.8786 loss_val: 0.8416 acc_val: 0.7967 time: 0.0060s
Epoch: 0154 loss_train: 0.6424 acc_train: 0.8500 loss_val: 0.8399 acc_val: 0.7967 time: 0.0060s
Epoch: 0155 loss_train: 0.6113 acc_train: 0.8500 loss_val: 0.8381 acc_val: 0.7967 time: 0.0070s
Epoch: 0156 loss_train: 0.6185 acc_train: 0.8500 loss_val: 0.8354 acc_val: 0.7967 time: 0.0070s
Epoch: 0157 loss_train: 0.6320 acc_train: 0.8929 loss_val: 0.8323 acc_val: 0.7967 time: 0.0060s
Epoch: 0158 loss_train: 0.6459 acc_train: 0.8500 loss_val: 0.8281 acc_val: 0.8000 time: 0.0060s
Epoch: 0159 loss_train: 0.6490 acc_train: 0.8143 loss_val: 0.8233 acc_val: 0.8033 time: 0.0060s
Epoch: 0160 loss_train: 0.6211 acc_train: 0.8214 loss_val: 0.8182 acc_val: 0.8000 time: 0.0070s
Epoch: 0161 loss_train: 0.5789 acc_train: 0.8500 loss_val: 0.8142 acc_val: 0.8000 time: 0.0060s
Epoch: 0162 loss_train: 0.6378 acc_train: 0.8357 loss_val: 0.8107 acc_val: 0.8033 time: 0.0060s
Epoch: 0163 loss_train: 0.6117 acc_train: 0.8714 loss_val: 0.8089 acc_val: 0.8067 time: 0.0070s
Epoch: 0164 loss_train: 0.6413 acc_train: 0.8500 loss_val: 0.8081 acc_val: 0.8033 time: 0.0060s
Epoch: 0165 loss_train: 0.6142 acc_train: 0.8714 loss_val: 0.8071 acc_val: 0.7933 time: 0.0060s
Epoch: 0166 loss_train: 0.5847 acc_train: 0.8643 loss_val: 0.8055 acc_val: 0.7967 time: 0.0060s
Epoch: 0167 loss_train: 0.5813 acc_train: 0.8786 loss_val: 0.8041 acc_val: 0.7933 time: 0.0070s
Epoch: 0168 loss_train: 0.5792 acc_train: 0.8857 loss_val: 0.8015 acc_val: 0.7933 time: 0.0060s
Epoch: 0169 loss_train: 0.5839 acc_train: 0.8786 loss_val: 0.7988 acc_val: 0.7967 time: 0.0060s
Epoch: 0170 loss_train: 0.5972 acc_train: 0.8643 loss_val: 0.7956 acc_val: 0.7967 time: 0.0060s
Epoch: 0171 loss_train: 0.5453 acc_train: 0.8786 loss_val: 0.7929 acc_val: 0.7967 time: 0.0070s
Epoch: 0172 loss_train: 0.5546 acc_train: 0.8857 loss_val: 0.7902 acc_val: 0.7933 time: 0.0060s
Epoch: 0173 loss_train: 0.5751 acc_train: 0.8857 loss_val: 0.7871 acc_val: 0.8000 time: 0.0060s
Epoch: 0174 loss_train: 0.5631 acc_train: 0.8857 loss_val: 0.7835 acc_val: 0.8133 time: 0.0060s
Epoch: 0175 loss_train: 0.5587 acc_train: 0.8786 loss_val: 0.7808 acc_val: 0.8200 time: 0.0070s
Epoch: 0176 loss_train: 0.5498 acc_train: 0.8929 loss_val: 0.7780 acc_val: 0.8167 time: 0.0060s
Epoch: 0177 loss_train: 0.5409 acc_train: 0.8929 loss_val: 0.7759 acc_val: 0.8167 time: 0.0060s
Epoch: 0178 loss_train: 0.5482 acc_train: 0.8929 loss_val: 0.7740 acc_val: 0.8200 time: 0.0060s
Epoch: 0179 loss_train: 0.5633 acc_train: 0.8929 loss_val: 0.7726 acc_val: 0.8067 time: 0.0060s
Epoch: 0180 loss_train: 0.5600 acc_train: 0.8929 loss_val: 0.7720 acc_val: 0.8000 time: 0.0060s
Epoch: 0181 loss_train: 0.5826 acc_train: 0.8571 loss_val: 0.7722 acc_val: 0.7967 time: 0.0060s
Epoch: 0182 loss_train: 0.5117 acc_train: 0.8929 loss_val: 0.7714 acc_val: 0.7933 time: 0.0060s
Epoch: 0183 loss_train: 0.5103 acc_train: 0.8857 loss_val: 0.7699 acc_val: 0.8000 time: 0.0060s
Epoch: 0184 loss_train: 0.5730 acc_train: 0.8643 loss_val: 0.7691 acc_val: 0.7967 time: 0.0070s
Epoch: 0185 loss_train: 0.5416 acc_train: 0.8857 loss_val: 0.7681 acc_val: 0.7967 time: 0.0060s
Epoch: 0186 loss_train: 0.5248 acc_train: 0.9071 loss_val: 0.7663 acc_val: 0.7967 time: 0.0060s
Epoch: 0187 loss_train: 0.5587 acc_train: 0.8571 loss_val: 0.7632 acc_val: 0.7967 time: 0.0060s
Epoch: 0188 loss_train: 0.5268 acc_train: 0.9000 loss_val: 0.7594 acc_val: 0.8100 time: 0.0060s
Epoch: 0189 loss_train: 0.5357 acc_train: 0.9071 loss_val: 0.7564 acc_val: 0.8100 time: 0.0060s
Epoch: 0190 loss_train: 0.5157 acc_train: 0.8857 loss_val: 0.7532 acc_val: 0.8067 time: 0.0060s
Epoch: 0191 loss_train: 0.5669 acc_train: 0.8929 loss_val: 0.7510 acc_val: 0.8133 time: 0.0060s
Epoch: 0192 loss_train: 0.5343 acc_train: 0.8643 loss_val: 0.7496 acc_val: 0.8100 time: 0.0070s
Epoch: 0193 loss_train: 0.4973 acc_train: 0.8786 loss_val: 0.7491 acc_val: 0.8167 time: 0.0060s
Epoch: 0194 loss_train: 0.5268 acc_train: 0.9000 loss_val: 0.7497 acc_val: 0.8133 time: 0.0060s
Epoch: 0195 loss_train: 0.5307 acc_train: 0.8714 loss_val: 0.7507 acc_val: 0.8067 time: 0.0070s
Epoch: 0196 loss_train: 0.5133 acc_train: 0.8929 loss_val: 0.7523 acc_val: 0.7967 time: 0.0060s
Epoch: 0197 loss_train: 0.4759 acc_train: 0.9143 loss_val: 0.7535 acc_val: 0.7967 time: 0.0070s
Epoch: 0198 loss_train: 0.5417 acc_train: 0.8786 loss_val: 0.7534 acc_val: 0.7967 time: 0.0060s
Epoch: 0199 loss_train: 0.5087 acc_train: 0.8929 loss_val: 0.7526 acc_val: 0.8000 time: 0.0070s
Epoch: 0200 loss_train: 0.4916 acc_train: 0.9071 loss_val: 0.7505 acc_val: 0.8000 time: 0.0060s
Optimization Finished!
Total time elapsed: 1.6586s
Test set results: loss= 0.7914 accuracy= 0.8020
