Loading cora dataset...
Epoch: 0001 loss_train: 2.1685 acc_train: 0.0571 loss_val: 2.0303 acc_val: 0.1267 time: 0.4286s
Epoch: 0002 loss_train: 2.0310 acc_train: 0.1429 loss_val: 1.9242 acc_val: 0.3900 time: 0.0080s
Epoch: 0003 loss_train: 1.9178 acc_train: 0.2857 loss_val: 1.8469 acc_val: 0.3567 time: 0.0090s
Epoch: 0004 loss_train: 1.8463 acc_train: 0.2643 loss_val: 1.8116 acc_val: 0.3500 time: 0.0080s
Epoch: 0005 loss_train: 1.8223 acc_train: 0.3143 loss_val: 1.7799 acc_val: 0.3533 time: 0.0100s
Epoch: 0006 loss_train: 1.7550 acc_train: 0.3357 loss_val: 1.7423 acc_val: 0.3667 time: 0.0080s
Epoch: 0007 loss_train: 1.7356 acc_train: 0.3286 loss_val: 1.7045 acc_val: 0.3967 time: 0.0089s
Epoch: 0008 loss_train: 1.6434 acc_train: 0.4500 loss_val: 1.6711 acc_val: 0.4800 time: 0.0080s
Epoch: 0009 loss_train: 1.6094 acc_train: 0.4500 loss_val: 1.6260 acc_val: 0.5433 time: 0.0080s
Epoch: 0010 loss_train: 1.5205 acc_train: 0.5000 loss_val: 1.5752 acc_val: 0.5333 time: 0.0080s
Epoch: 0011 loss_train: 1.4180 acc_train: 0.5357 loss_val: 1.5218 acc_val: 0.5500 time: 0.0090s
Epoch: 0012 loss_train: 1.4003 acc_train: 0.5429 loss_val: 1.4578 acc_val: 0.5667 time: 0.0070s
Epoch: 0013 loss_train: 1.3387 acc_train: 0.5786 loss_val: 1.3987 acc_val: 0.5933 time: 0.0090s
Epoch: 0014 loss_train: 1.2958 acc_train: 0.5857 loss_val: 1.3454 acc_val: 0.6200 time: 0.0080s
Epoch: 0015 loss_train: 1.2398 acc_train: 0.6143 loss_val: 1.2939 acc_val: 0.6433 time: 0.0110s
Epoch: 0016 loss_train: 1.1530 acc_train: 0.6429 loss_val: 1.2442 acc_val: 0.6867 time: 0.0069s
Epoch: 0017 loss_train: 1.1188 acc_train: 0.6786 loss_val: 1.1966 acc_val: 0.7200 time: 0.0090s
Epoch: 0018 loss_train: 1.0937 acc_train: 0.6357 loss_val: 1.1558 acc_val: 0.7467 time: 0.0080s
Epoch: 0019 loss_train: 1.0322 acc_train: 0.7071 loss_val: 1.1253 acc_val: 0.7567 time: 0.0079s
Epoch: 0020 loss_train: 1.0335 acc_train: 0.7286 loss_val: 1.0860 acc_val: 0.7367 time: 0.0080s
Epoch: 0021 loss_train: 0.9467 acc_train: 0.7643 loss_val: 1.0522 acc_val: 0.7200 time: 0.0090s
Epoch: 0022 loss_train: 0.8815 acc_train: 0.7286 loss_val: 1.0307 acc_val: 0.7133 time: 0.0070s
Epoch: 0023 loss_train: 0.8642 acc_train: 0.7357 loss_val: 1.0127 acc_val: 0.7067 time: 0.0090s
Epoch: 0024 loss_train: 0.8698 acc_train: 0.7357 loss_val: 0.9877 acc_val: 0.7200 time: 0.0070s
Epoch: 0025 loss_train: 0.8192 acc_train: 0.7786 loss_val: 0.9661 acc_val: 0.7233 time: 0.0080s
Epoch: 0026 loss_train: 0.8488 acc_train: 0.7786 loss_val: 0.9452 acc_val: 0.7367 time: 0.0070s
Epoch: 0027 loss_train: 0.7671 acc_train: 0.7929 loss_val: 0.9307 acc_val: 0.7667 time: 0.0090s
Epoch: 0028 loss_train: 0.7162 acc_train: 0.8214 loss_val: 0.9161 acc_val: 0.7767 time: 0.0080s
Epoch: 0029 loss_train: 0.7966 acc_train: 0.8000 loss_val: 0.8969 acc_val: 0.7900 time: 0.0100s
Epoch: 0030 loss_train: 0.7601 acc_train: 0.8000 loss_val: 0.8820 acc_val: 0.7767 time: 0.0090s
Epoch: 0031 loss_train: 0.7597 acc_train: 0.7500 loss_val: 0.8697 acc_val: 0.7767 time: 0.0089s
Epoch: 0032 loss_train: 0.7422 acc_train: 0.7929 loss_val: 0.8623 acc_val: 0.7600 time: 0.0070s
Epoch: 0033 loss_train: 0.7600 acc_train: 0.8000 loss_val: 0.8613 acc_val: 0.7567 time: 0.0080s
Epoch: 0034 loss_train: 0.6944 acc_train: 0.8143 loss_val: 0.8651 acc_val: 0.7733 time: 0.0090s
Epoch: 0035 loss_train: 0.6689 acc_train: 0.8214 loss_val: 0.8433 acc_val: 0.7767 time: 0.0090s
Epoch: 0036 loss_train: 0.6964 acc_train: 0.8214 loss_val: 0.8076 acc_val: 0.7900 time: 0.0080s
Epoch: 0037 loss_train: 0.6548 acc_train: 0.8214 loss_val: 0.7929 acc_val: 0.7933 time: 0.0080s
Epoch: 0038 loss_train: 0.6345 acc_train: 0.8286 loss_val: 0.7888 acc_val: 0.7900 time: 0.0080s
Epoch: 0039 loss_train: 0.6124 acc_train: 0.8429 loss_val: 0.8023 acc_val: 0.7833 time: 0.0080s
Epoch: 0040 loss_train: 0.5470 acc_train: 0.8643 loss_val: 0.8046 acc_val: 0.7833 time: 0.0080s
Epoch: 0041 loss_train: 0.6176 acc_train: 0.8143 loss_val: 0.7870 acc_val: 0.7733 time: 0.0079s
Epoch: 0042 loss_train: 0.5917 acc_train: 0.8429 loss_val: 0.7665 acc_val: 0.7867 time: 0.0080s
Epoch: 0043 loss_train: 0.5715 acc_train: 0.8643 loss_val: 0.7470 acc_val: 0.7967 time: 0.0080s
Epoch: 0044 loss_train: 0.5495 acc_train: 0.8571 loss_val: 0.7362 acc_val: 0.8000 time: 0.0080s
Epoch: 0045 loss_train: 0.5517 acc_train: 0.8571 loss_val: 0.7483 acc_val: 0.7867 time: 0.0080s
Epoch: 0046 loss_train: 0.6591 acc_train: 0.7929 loss_val: 0.7788 acc_val: 0.7800 time: 0.0080s
Epoch: 0047 loss_train: 0.5678 acc_train: 0.8286 loss_val: 0.7728 acc_val: 0.7800 time: 0.0080s
Epoch: 0048 loss_train: 0.5423 acc_train: 0.8571 loss_val: 0.7546 acc_val: 0.7767 time: 0.0089s
Epoch: 0049 loss_train: 0.5352 acc_train: 0.8643 loss_val: 0.7390 acc_val: 0.7800 time: 0.0080s
Epoch: 0050 loss_train: 0.5215 acc_train: 0.8571 loss_val: 0.7410 acc_val: 0.7700 time: 0.0070s
Epoch: 0051 loss_train: 0.5831 acc_train: 0.8000 loss_val: 0.7274 acc_val: 0.7767 time: 0.0069s
Epoch: 0052 loss_train: 0.5175 acc_train: 0.8429 loss_val: 0.7326 acc_val: 0.7967 time: 0.0080s
Epoch: 0053 loss_train: 0.5071 acc_train: 0.8286 loss_val: 0.7456 acc_val: 0.7900 time: 0.0079s
Epoch: 0054 loss_train: 0.5813 acc_train: 0.8000 loss_val: 0.7446 acc_val: 0.7800 time: 0.0080s
Epoch: 0055 loss_train: 0.5567 acc_train: 0.8643 loss_val: 0.7381 acc_val: 0.7733 time: 0.0070s
Epoch: 0056 loss_train: 0.4875 acc_train: 0.8571 loss_val: 0.7410 acc_val: 0.7867 time: 0.0090s
Epoch: 0057 loss_train: 0.5256 acc_train: 0.8571 loss_val: 0.7290 acc_val: 0.7933 time: 0.0070s
Epoch: 0058 loss_train: 0.5050 acc_train: 0.8857 loss_val: 0.7231 acc_val: 0.7833 time: 0.0080s
Epoch: 0059 loss_train: 0.5113 acc_train: 0.8429 loss_val: 0.7253 acc_val: 0.7700 time: 0.0080s
Epoch: 0060 loss_train: 0.4996 acc_train: 0.8357 loss_val: 0.7236 acc_val: 0.7833 time: 0.0090s
Epoch: 0061 loss_train: 0.5075 acc_train: 0.8714 loss_val: 0.7205 acc_val: 0.7800 time: 0.0080s
Epoch: 0062 loss_train: 0.4837 acc_train: 0.8643 loss_val: 0.7225 acc_val: 0.7800 time: 0.0080s
Epoch: 0063 loss_train: 0.4698 acc_train: 0.9071 loss_val: 0.7085 acc_val: 0.7833 time: 0.0070s
Epoch: 0064 loss_train: 0.4781 acc_train: 0.8571 loss_val: 0.7075 acc_val: 0.7833 time: 0.0080s
Epoch: 0065 loss_train: 0.4591 acc_train: 0.8786 loss_val: 0.7115 acc_val: 0.7833 time: 0.0070s
Epoch: 0066 loss_train: 0.4244 acc_train: 0.8929 loss_val: 0.7107 acc_val: 0.7900 time: 0.0080s
Epoch: 0067 loss_train: 0.4155 acc_train: 0.9000 loss_val: 0.7047 acc_val: 0.7933 time: 0.0070s
Epoch: 0068 loss_train: 0.4169 acc_train: 0.9000 loss_val: 0.6903 acc_val: 0.8000 time: 0.0080s
Epoch: 0069 loss_train: 0.3952 acc_train: 0.9000 loss_val: 0.6828 acc_val: 0.7967 time: 0.0089s
Epoch: 0070 loss_train: 0.4428 acc_train: 0.8643 loss_val: 0.6926 acc_val: 0.8000 time: 0.0090s
Epoch: 0071 loss_train: 0.5056 acc_train: 0.8714 loss_val: 0.6970 acc_val: 0.7933 time: 0.0080s
Epoch: 0072 loss_train: 0.4636 acc_train: 0.9000 loss_val: 0.6990 acc_val: 0.8000 time: 0.0070s
Epoch: 0073 loss_train: 0.4864 acc_train: 0.8929 loss_val: 0.7087 acc_val: 0.7900 time: 0.0080s
Epoch: 0074 loss_train: 0.4771 acc_train: 0.8714 loss_val: 0.6920 acc_val: 0.7933 time: 0.0070s
Epoch: 0075 loss_train: 0.4399 acc_train: 0.9143 loss_val: 0.6915 acc_val: 0.7967 time: 0.0090s
Epoch: 0076 loss_train: 0.4355 acc_train: 0.8929 loss_val: 0.6915 acc_val: 0.7967 time: 0.0070s
Epoch: 0077 loss_train: 0.3768 acc_train: 0.9071 loss_val: 0.7009 acc_val: 0.7833 time: 0.0080s
Epoch: 0078 loss_train: 0.3780 acc_train: 0.9214 loss_val: 0.7199 acc_val: 0.7733 time: 0.0080s
Epoch: 0079 loss_train: 0.4722 acc_train: 0.8786 loss_val: 0.6947 acc_val: 0.7933 time: 0.0080s
Epoch: 0080 loss_train: 0.4604 acc_train: 0.8857 loss_val: 0.6865 acc_val: 0.8000 time: 0.0070s
Epoch: 0081 loss_train: 0.4124 acc_train: 0.8857 loss_val: 0.6815 acc_val: 0.7900 time: 0.0080s
Epoch: 0082 loss_train: 0.5467 acc_train: 0.8714 loss_val: 0.6900 acc_val: 0.8000 time: 0.0070s
Epoch: 0083 loss_train: 0.3860 acc_train: 0.9429 loss_val: 0.6948 acc_val: 0.7833 time: 0.0079s
Epoch: 0084 loss_train: 0.3817 acc_train: 0.9143 loss_val: 0.6906 acc_val: 0.7833 time: 0.0070s
Epoch: 0085 loss_train: 0.3938 acc_train: 0.9071 loss_val: 0.6819 acc_val: 0.7867 time: 0.0070s
Epoch: 0086 loss_train: 0.4377 acc_train: 0.9000 loss_val: 0.6634 acc_val: 0.8033 time: 0.0080s
Epoch: 0087 loss_train: 0.4881 acc_train: 0.8571 loss_val: 0.6626 acc_val: 0.8067 time: 0.0080s
Epoch: 0088 loss_train: 0.4024 acc_train: 0.9000 loss_val: 0.6900 acc_val: 0.8100 time: 0.0090s
Epoch: 0089 loss_train: 0.4332 acc_train: 0.8929 loss_val: 0.7075 acc_val: 0.8100 time: 0.0069s
Epoch: 0090 loss_train: 0.4032 acc_train: 0.9071 loss_val: 0.7113 acc_val: 0.8000 time: 0.0080s
Epoch: 0091 loss_train: 0.4467 acc_train: 0.8929 loss_val: 0.6678 acc_val: 0.8000 time: 0.0080s
Epoch: 0092 loss_train: 0.4002 acc_train: 0.9143 loss_val: 0.6580 acc_val: 0.8067 time: 0.0089s
Epoch: 0093 loss_train: 0.3542 acc_train: 0.9000 loss_val: 0.6487 acc_val: 0.8067 time: 0.0060s
Epoch: 0094 loss_train: 0.4464 acc_train: 0.9000 loss_val: 0.6566 acc_val: 0.8067 time: 0.0090s
Epoch: 0095 loss_train: 0.4162 acc_train: 0.9071 loss_val: 0.6663 acc_val: 0.8100 time: 0.0070s
Epoch: 0096 loss_train: 0.3739 acc_train: 0.9214 loss_val: 0.6677 acc_val: 0.8200 time: 0.0080s
Epoch: 0097 loss_train: 0.4164 acc_train: 0.9214 loss_val: 0.6675 acc_val: 0.8167 time: 0.0070s
Epoch: 0098 loss_train: 0.3685 acc_train: 0.9429 loss_val: 0.6616 acc_val: 0.8000 time: 0.0080s
Epoch: 0099 loss_train: 0.4596 acc_train: 0.8857 loss_val: 0.6550 acc_val: 0.8000 time: 0.0070s
Epoch: 0100 loss_train: 0.4396 acc_train: 0.8929 loss_val: 0.6680 acc_val: 0.7967 time: 0.0090s
Optimization Finished!
Total time elapsed: 1.2285s
Test set results: loss= 0.6839 accuracy= 0.8110
