Loading cora dataset...
Epoch: 0001 loss_train: 3.4845 acc_train: 0.0000 loss_val: 3.4817 acc_val: 0.0000 time: 0.3650s
Epoch: 0002 loss_train: 3.4802 acc_train: 0.0000 loss_val: 3.4775 acc_val: 0.0000 time: 0.0070s
Epoch: 0003 loss_train: 3.4742 acc_train: 0.0000 loss_val: 3.4733 acc_val: 0.0000 time: 0.0080s
Epoch: 0004 loss_train: 3.4710 acc_train: 0.0000 loss_val: 3.4690 acc_val: 0.0000 time: 0.0070s
Epoch: 0005 loss_train: 3.4665 acc_train: 0.0000 loss_val: 3.4648 acc_val: 0.0000 time: 0.0080s
Epoch: 0006 loss_train: 3.4654 acc_train: 0.0000 loss_val: 3.4606 acc_val: 0.0000 time: 0.0080s
Epoch: 0007 loss_train: 3.4595 acc_train: 0.0000 loss_val: 3.4563 acc_val: 0.0000 time: 0.0070s
Epoch: 0008 loss_train: 3.4524 acc_train: 0.0000 loss_val: 3.4520 acc_val: 0.0000 time: 0.0090s
Epoch: 0009 loss_train: 3.4521 acc_train: 0.0000 loss_val: 3.4477 acc_val: 0.0000 time: 0.0070s
Epoch: 0010 loss_train: 3.4474 acc_train: 0.0000 loss_val: 3.4434 acc_val: 0.0000 time: 0.0070s
Epoch: 0011 loss_train: 3.4423 acc_train: 0.0071 loss_val: 3.4390 acc_val: 0.0000 time: 0.0080s
Epoch: 0012 loss_train: 3.4364 acc_train: 0.0143 loss_val: 3.4346 acc_val: 0.0000 time: 0.0080s
Epoch: 0013 loss_train: 3.4321 acc_train: 0.0071 loss_val: 3.4302 acc_val: 0.0000 time: 0.0070s
Epoch: 0014 loss_train: 3.4266 acc_train: 0.0357 loss_val: 3.4258 acc_val: 0.0000 time: 0.0080s
Epoch: 0015 loss_train: 3.4293 acc_train: 0.0643 loss_val: 3.4213 acc_val: 0.0033 time: 0.0070s
Epoch: 0016 loss_train: 3.4210 acc_train: 0.0500 loss_val: 3.4168 acc_val: 0.0467 time: 0.0070s
Epoch: 0017 loss_train: 3.4212 acc_train: 0.0357 loss_val: 3.4122 acc_val: 0.0633 time: 0.0070s
Epoch: 0018 loss_train: 3.4070 acc_train: 0.1000 loss_val: 3.4076 acc_val: 0.1267 time: 0.0080s
Epoch: 0019 loss_train: 3.4022 acc_train: 0.0643 loss_val: 3.4029 acc_val: 0.1467 time: 0.0070s
Epoch: 0020 loss_train: 3.4028 acc_train: 0.1429 loss_val: 3.3981 acc_val: 0.1533 time: 0.0070s
Epoch: 0021 loss_train: 3.3953 acc_train: 0.1786 loss_val: 3.3933 acc_val: 0.1567 time: 0.0080s
Epoch: 0022 loss_train: 3.3946 acc_train: 0.1571 loss_val: 3.3884 acc_val: 0.1567 time: 0.0069s
Epoch: 0023 loss_train: 3.3821 acc_train: 0.2286 loss_val: 3.3834 acc_val: 0.1567 time: 0.0070s
Epoch: 0024 loss_train: 3.3861 acc_train: 0.1429 loss_val: 3.3784 acc_val: 0.1567 time: 0.0080s
Epoch: 0025 loss_train: 3.3685 acc_train: 0.2571 loss_val: 3.3733 acc_val: 0.1567 time: 0.0070s
Epoch: 0026 loss_train: 3.3723 acc_train: 0.2357 loss_val: 3.3681 acc_val: 0.1567 time: 0.0089s
Epoch: 0027 loss_train: 3.3721 acc_train: 0.2429 loss_val: 3.3628 acc_val: 0.1567 time: 0.0081s
Epoch: 0028 loss_train: 3.3615 acc_train: 0.2214 loss_val: 3.3575 acc_val: 0.1567 time: 0.0070s
Epoch: 0029 loss_train: 3.3567 acc_train: 0.2214 loss_val: 3.3520 acc_val: 0.1567 time: 0.0070s
Epoch: 0030 loss_train: 3.3460 acc_train: 0.2714 loss_val: 3.3465 acc_val: 0.1567 time: 0.0070s
Epoch: 0031 loss_train: 3.3451 acc_train: 0.2071 loss_val: 3.3409 acc_val: 0.1633 time: 0.0070s
Epoch: 0032 loss_train: 3.3421 acc_train: 0.2571 loss_val: 3.3352 acc_val: 0.1633 time: 0.0070s
Epoch: 0033 loss_train: 3.3365 acc_train: 0.2643 loss_val: 3.3294 acc_val: 0.1667 time: 0.0070s
Epoch: 0034 loss_train: 3.3222 acc_train: 0.2857 loss_val: 3.3235 acc_val: 0.1633 time: 0.0070s
Epoch: 0035 loss_train: 3.3282 acc_train: 0.2286 loss_val: 3.3175 acc_val: 0.1700 time: 0.0070s
Epoch: 0036 loss_train: 3.3155 acc_train: 0.2500 loss_val: 3.3114 acc_val: 0.1733 time: 0.0070s
Epoch: 0037 loss_train: 3.3087 acc_train: 0.2000 loss_val: 3.3053 acc_val: 0.1767 time: 0.0070s
Epoch: 0038 loss_train: 3.3010 acc_train: 0.3000 loss_val: 3.2990 acc_val: 0.1800 time: 0.0069s
Epoch: 0039 loss_train: 3.2984 acc_train: 0.2286 loss_val: 3.2926 acc_val: 0.1833 time: 0.0070s
Epoch: 0040 loss_train: 3.2868 acc_train: 0.2071 loss_val: 3.2860 acc_val: 0.1867 time: 0.0070s
Epoch: 0041 loss_train: 3.2854 acc_train: 0.2571 loss_val: 3.2794 acc_val: 0.1900 time: 0.0070s
Epoch: 0042 loss_train: 3.2819 acc_train: 0.2714 loss_val: 3.2727 acc_val: 0.1933 time: 0.0080s
Epoch: 0043 loss_train: 3.2607 acc_train: 0.3571 loss_val: 3.2658 acc_val: 0.2000 time: 0.0070s
Epoch: 0044 loss_train: 3.2672 acc_train: 0.2571 loss_val: 3.2589 acc_val: 0.2033 time: 0.0070s
Epoch: 0045 loss_train: 3.2548 acc_train: 0.2143 loss_val: 3.2518 acc_val: 0.2167 time: 0.0070s
Epoch: 0046 loss_train: 3.2555 acc_train: 0.2429 loss_val: 3.2446 acc_val: 0.2400 time: 0.0070s
Epoch: 0047 loss_train: 3.2414 acc_train: 0.2571 loss_val: 3.2372 acc_val: 0.2533 time: 0.0070s
Epoch: 0048 loss_train: 3.2316 acc_train: 0.2643 loss_val: 3.2298 acc_val: 0.2733 time: 0.0070s
Epoch: 0049 loss_train: 3.2238 acc_train: 0.3286 loss_val: 3.2222 acc_val: 0.2867 time: 0.0070s
Epoch: 0050 loss_train: 3.2281 acc_train: 0.2214 loss_val: 3.2144 acc_val: 0.3167 time: 0.0070s
Epoch: 0051 loss_train: 3.2037 acc_train: 0.3357 loss_val: 3.2066 acc_val: 0.3300 time: 0.0070s
Epoch: 0052 loss_train: 3.2024 acc_train: 0.3071 loss_val: 3.1986 acc_val: 0.3567 time: 0.0070s
Epoch: 0053 loss_train: 3.2017 acc_train: 0.2500 loss_val: 3.1905 acc_val: 0.3733 time: 0.0070s
Epoch: 0054 loss_train: 3.1903 acc_train: 0.2071 loss_val: 3.1822 acc_val: 0.3833 time: 0.0060s
Epoch: 0055 loss_train: 3.1846 acc_train: 0.2500 loss_val: 3.1738 acc_val: 0.4033 time: 0.0070s
Epoch: 0056 loss_train: 3.1666 acc_train: 0.3214 loss_val: 3.1653 acc_val: 0.4133 time: 0.0070s
Epoch: 0057 loss_train: 3.1532 acc_train: 0.3500 loss_val: 3.1566 acc_val: 0.4200 time: 0.0069s
Epoch: 0058 loss_train: 3.1521 acc_train: 0.3143 loss_val: 3.1477 acc_val: 0.4233 time: 0.0070s
Epoch: 0059 loss_train: 3.1480 acc_train: 0.2786 loss_val: 3.1388 acc_val: 0.4333 time: 0.0070s
Epoch: 0060 loss_train: 3.1368 acc_train: 0.2429 loss_val: 3.1297 acc_val: 0.4333 time: 0.0070s
Epoch: 0061 loss_train: 3.1247 acc_train: 0.3357 loss_val: 3.1205 acc_val: 0.4333 time: 0.0070s
Epoch: 0062 loss_train: 3.1192 acc_train: 0.2857 loss_val: 3.1111 acc_val: 0.4367 time: 0.0070s
Epoch: 0063 loss_train: 3.1109 acc_train: 0.2857 loss_val: 3.1016 acc_val: 0.4367 time: 0.0070s
Epoch: 0064 loss_train: 3.0937 acc_train: 0.3286 loss_val: 3.0920 acc_val: 0.4433 time: 0.0060s
Epoch: 0065 loss_train: 3.0928 acc_train: 0.2786 loss_val: 3.0823 acc_val: 0.4367 time: 0.0071s
Epoch: 0066 loss_train: 3.0851 acc_train: 0.2143 loss_val: 3.0724 acc_val: 0.4367 time: 0.0070s
Epoch: 0067 loss_train: 3.0629 acc_train: 0.3286 loss_val: 3.0625 acc_val: 0.4400 time: 0.0070s
Epoch: 0068 loss_train: 3.0670 acc_train: 0.2714 loss_val: 3.0524 acc_val: 0.4467 time: 0.0060s
Epoch: 0069 loss_train: 3.0437 acc_train: 0.3429 loss_val: 3.0422 acc_val: 0.4367 time: 0.0070s
Epoch: 0070 loss_train: 3.0408 acc_train: 0.2786 loss_val: 3.0319 acc_val: 0.4267 time: 0.0070s
Epoch: 0071 loss_train: 3.0149 acc_train: 0.2857 loss_val: 3.0214 acc_val: 0.4233 time: 0.0070s
Epoch: 0072 loss_train: 3.0148 acc_train: 0.3500 loss_val: 3.0109 acc_val: 0.4200 time: 0.0060s
Epoch: 0073 loss_train: 3.0085 acc_train: 0.2143 loss_val: 3.0002 acc_val: 0.4200 time: 0.0070s
Epoch: 0074 loss_train: 2.9970 acc_train: 0.2643 loss_val: 2.9895 acc_val: 0.4167 time: 0.0070s
Epoch: 0075 loss_train: 2.9820 acc_train: 0.2429 loss_val: 2.9786 acc_val: 0.4167 time: 0.0070s
Epoch: 0076 loss_train: 2.9882 acc_train: 0.2500 loss_val: 2.9677 acc_val: 0.4133 time: 0.0070s
Epoch: 0077 loss_train: 2.9584 acc_train: 0.2714 loss_val: 2.9566 acc_val: 0.4133 time: 0.0060s
Epoch: 0078 loss_train: 2.9683 acc_train: 0.2500 loss_val: 2.9455 acc_val: 0.4000 time: 0.0060s
Epoch: 0079 loss_train: 2.9453 acc_train: 0.2500 loss_val: 2.9344 acc_val: 0.3967 time: 0.0060s
Epoch: 0080 loss_train: 2.9232 acc_train: 0.2643 loss_val: 2.9231 acc_val: 0.3967 time: 0.0060s
Epoch: 0081 loss_train: 2.9150 acc_train: 0.3071 loss_val: 2.9118 acc_val: 0.3967 time: 0.0070s
Epoch: 0082 loss_train: 2.9059 acc_train: 0.3000 loss_val: 2.9003 acc_val: 0.3967 time: 0.0060s
Epoch: 0083 loss_train: 2.8839 acc_train: 0.3857 loss_val: 2.8888 acc_val: 0.3900 time: 0.0060s
Epoch: 0084 loss_train: 2.8873 acc_train: 0.3500 loss_val: 2.8772 acc_val: 0.3833 time: 0.0070s
Epoch: 0085 loss_train: 2.8697 acc_train: 0.3071 loss_val: 2.8656 acc_val: 0.3833 time: 0.0060s
Epoch: 0086 loss_train: 2.8488 acc_train: 0.3143 loss_val: 2.8539 acc_val: 0.3767 time: 0.0070s
Epoch: 0087 loss_train: 2.8305 acc_train: 0.3929 loss_val: 2.8421 acc_val: 0.3767 time: 0.0060s
Epoch: 0088 loss_train: 2.8296 acc_train: 0.3143 loss_val: 2.8303 acc_val: 0.3733 time: 0.0070s
Epoch: 0089 loss_train: 2.8243 acc_train: 0.3071 loss_val: 2.8185 acc_val: 0.3700 time: 0.0060s
Epoch: 0090 loss_train: 2.8180 acc_train: 0.2429 loss_val: 2.8066 acc_val: 0.3633 time: 0.0060s
Epoch: 0091 loss_train: 2.7988 acc_train: 0.3429 loss_val: 2.7947 acc_val: 0.3600 time: 0.0070s
Epoch: 0092 loss_train: 2.7857 acc_train: 0.2714 loss_val: 2.7827 acc_val: 0.3600 time: 0.0060s
Epoch: 0093 loss_train: 2.7701 acc_train: 0.3714 loss_val: 2.7707 acc_val: 0.3600 time: 0.0070s
Epoch: 0094 loss_train: 2.7497 acc_train: 0.3714 loss_val: 2.7587 acc_val: 0.3567 time: 0.0060s
Epoch: 0095 loss_train: 2.7607 acc_train: 0.2786 loss_val: 2.7467 acc_val: 0.3567 time: 0.0070s
Epoch: 0096 loss_train: 2.7645 acc_train: 0.2786 loss_val: 2.7347 acc_val: 0.3567 time: 0.0060s
Epoch: 0097 loss_train: 2.7228 acc_train: 0.3214 loss_val: 2.7227 acc_val: 0.3533 time: 0.0060s
Epoch: 0098 loss_train: 2.7178 acc_train: 0.2857 loss_val: 2.7107 acc_val: 0.3533 time: 0.0070s
Epoch: 0099 loss_train: 2.6908 acc_train: 0.3000 loss_val: 2.6987 acc_val: 0.3533 time: 0.0060s
Epoch: 0100 loss_train: 2.6606 acc_train: 0.3143 loss_val: 2.6866 acc_val: 0.3533 time: 0.0069s
Epoch: 0101 loss_train: 2.6709 acc_train: 0.2929 loss_val: 2.6746 acc_val: 0.3533 time: 0.0060s
Epoch: 0102 loss_train: 2.6753 acc_train: 0.2000 loss_val: 2.6626 acc_val: 0.3533 time: 0.0060s
Epoch: 0103 loss_train: 2.6657 acc_train: 0.2929 loss_val: 2.6506 acc_val: 0.3533 time: 0.0060s
Epoch: 0104 loss_train: 2.6514 acc_train: 0.2929 loss_val: 2.6387 acc_val: 0.3533 time: 0.0070s
Epoch: 0105 loss_train: 2.6478 acc_train: 0.2714 loss_val: 2.6268 acc_val: 0.3533 time: 0.0060s
Epoch: 0106 loss_train: 2.6277 acc_train: 0.2714 loss_val: 2.6149 acc_val: 0.3533 time: 0.0070s
Epoch: 0107 loss_train: 2.6187 acc_train: 0.2143 loss_val: 2.6031 acc_val: 0.3500 time: 0.0060s
Epoch: 0108 loss_train: 2.5774 acc_train: 0.2429 loss_val: 2.5913 acc_val: 0.3500 time: 0.0060s
Epoch: 0109 loss_train: 2.5754 acc_train: 0.2857 loss_val: 2.5795 acc_val: 0.3467 time: 0.0070s
Epoch: 0110 loss_train: 2.5797 acc_train: 0.2714 loss_val: 2.5678 acc_val: 0.3467 time: 0.0060s
Epoch: 0111 loss_train: 2.5577 acc_train: 0.2214 loss_val: 2.5562 acc_val: 0.3467 time: 0.0070s
Epoch: 0112 loss_train: 2.5491 acc_train: 0.2786 loss_val: 2.5446 acc_val: 0.3467 time: 0.0060s
Epoch: 0113 loss_train: 2.5271 acc_train: 0.2429 loss_val: 2.5330 acc_val: 0.3467 time: 0.0070s
Epoch: 0114 loss_train: 2.5186 acc_train: 0.3000 loss_val: 2.5215 acc_val: 0.3467 time: 0.0060s
Epoch: 0115 loss_train: 2.5112 acc_train: 0.2929 loss_val: 2.5101 acc_val: 0.3467 time: 0.0070s
Epoch: 0116 loss_train: 2.4941 acc_train: 0.2357 loss_val: 2.4987 acc_val: 0.3467 time: 0.0060s
Epoch: 0117 loss_train: 2.4750 acc_train: 0.3286 loss_val: 2.4874 acc_val: 0.3467 time: 0.0060s
Epoch: 0118 loss_train: 2.4955 acc_train: 0.2857 loss_val: 2.4761 acc_val: 0.3467 time: 0.0070s
Epoch: 0119 loss_train: 2.4644 acc_train: 0.3143 loss_val: 2.4650 acc_val: 0.3467 time: 0.0060s
Epoch: 0120 loss_train: 2.4575 acc_train: 0.2857 loss_val: 2.4539 acc_val: 0.3467 time: 0.0060s
Epoch: 0121 loss_train: 2.4570 acc_train: 0.2214 loss_val: 2.4429 acc_val: 0.3467 time: 0.0070s
Epoch: 0122 loss_train: 2.4306 acc_train: 0.2857 loss_val: 2.4320 acc_val: 0.3467 time: 0.0060s
Epoch: 0123 loss_train: 2.4389 acc_train: 0.3357 loss_val: 2.4213 acc_val: 0.3500 time: 0.0070s
Epoch: 0124 loss_train: 2.4223 acc_train: 0.2714 loss_val: 2.4106 acc_val: 0.3500 time: 0.0060s
Epoch: 0125 loss_train: 2.3781 acc_train: 0.3000 loss_val: 2.4000 acc_val: 0.3500 time: 0.0070s
Epoch: 0126 loss_train: 2.4147 acc_train: 0.2857 loss_val: 2.3895 acc_val: 0.3500 time: 0.0060s
Epoch: 0127 loss_train: 2.3843 acc_train: 0.3429 loss_val: 2.3791 acc_val: 0.3500 time: 0.0070s
Epoch: 0128 loss_train: 2.3610 acc_train: 0.3000 loss_val: 2.3688 acc_val: 0.3500 time: 0.0060s
Epoch: 0129 loss_train: 2.3534 acc_train: 0.3357 loss_val: 2.3587 acc_val: 0.3500 time: 0.0060s
Epoch: 0130 loss_train: 2.3493 acc_train: 0.3286 loss_val: 2.3486 acc_val: 0.3500 time: 0.0080s
Epoch: 0131 loss_train: 2.3260 acc_train: 0.3143 loss_val: 2.3386 acc_val: 0.3500 time: 0.0066s
Epoch: 0132 loss_train: 2.3178 acc_train: 0.3214 loss_val: 2.3288 acc_val: 0.3500 time: 0.0069s
Epoch: 0133 loss_train: 2.3306 acc_train: 0.2714 loss_val: 2.3191 acc_val: 0.3500 time: 0.0070s
Epoch: 0134 loss_train: 2.3264 acc_train: 0.3000 loss_val: 2.3096 acc_val: 0.3500 time: 0.0070s
Epoch: 0135 loss_train: 2.2774 acc_train: 0.3143 loss_val: 2.3001 acc_val: 0.3500 time: 0.0060s
Epoch: 0136 loss_train: 2.3062 acc_train: 0.2714 loss_val: 2.2909 acc_val: 0.3500 time: 0.0070s
Epoch: 0137 loss_train: 2.2888 acc_train: 0.3071 loss_val: 2.2817 acc_val: 0.3500 time: 0.0060s
Epoch: 0138 loss_train: 2.3101 acc_train: 0.1929 loss_val: 2.2727 acc_val: 0.3500 time: 0.0060s
Epoch: 0139 loss_train: 2.2627 acc_train: 0.3286 loss_val: 2.2639 acc_val: 0.3500 time: 0.0070s
Epoch: 0140 loss_train: 2.2618 acc_train: 0.2143 loss_val: 2.2552 acc_val: 0.3500 time: 0.0060s
Epoch: 0141 loss_train: 2.2519 acc_train: 0.3357 loss_val: 2.2466 acc_val: 0.3500 time: 0.0070s
Epoch: 0142 loss_train: 2.2487 acc_train: 0.2929 loss_val: 2.2381 acc_val: 0.3500 time: 0.0060s
Epoch: 0143 loss_train: 2.2200 acc_train: 0.3143 loss_val: 2.2298 acc_val: 0.3500 time: 0.0070s
Epoch: 0144 loss_train: 2.2408 acc_train: 0.3000 loss_val: 2.2216 acc_val: 0.3500 time: 0.0060s
Epoch: 0145 loss_train: 2.1789 acc_train: 0.3714 loss_val: 2.2136 acc_val: 0.3500 time: 0.0060s
Epoch: 0146 loss_train: 2.2245 acc_train: 0.2500 loss_val: 2.2057 acc_val: 0.3500 time: 0.0070s
Epoch: 0147 loss_train: 2.2095 acc_train: 0.2929 loss_val: 2.1979 acc_val: 0.3500 time: 0.0060s
Epoch: 0148 loss_train: 2.1853 acc_train: 0.2929 loss_val: 2.1903 acc_val: 0.3500 time: 0.0070s
Epoch: 0149 loss_train: 2.1732 acc_train: 0.2857 loss_val: 2.1828 acc_val: 0.3500 time: 0.0059s
Epoch: 0150 loss_train: 2.1811 acc_train: 0.2857 loss_val: 2.1754 acc_val: 0.3500 time: 0.0060s
Epoch: 0151 loss_train: 2.1570 acc_train: 0.3000 loss_val: 2.1682 acc_val: 0.3500 time: 0.0070s
Epoch: 0152 loss_train: 2.1875 acc_train: 0.2714 loss_val: 2.1612 acc_val: 0.3500 time: 0.0060s
Epoch: 0153 loss_train: 2.1619 acc_train: 0.3429 loss_val: 2.1542 acc_val: 0.3500 time: 0.0060s
Epoch: 0154 loss_train: 2.1573 acc_train: 0.2929 loss_val: 2.1474 acc_val: 0.3500 time: 0.0069s
Epoch: 0155 loss_train: 2.1493 acc_train: 0.2571 loss_val: 2.1407 acc_val: 0.3500 time: 0.0060s
Epoch: 0156 loss_train: 2.1238 acc_train: 0.2643 loss_val: 2.1341 acc_val: 0.3500 time: 0.0070s
Epoch: 0157 loss_train: 2.1693 acc_train: 0.3214 loss_val: 2.1277 acc_val: 0.3500 time: 0.0060s
Epoch: 0158 loss_train: 2.1381 acc_train: 0.2286 loss_val: 2.1214 acc_val: 0.3500 time: 0.0060s
Epoch: 0159 loss_train: 2.1276 acc_train: 0.3000 loss_val: 2.1153 acc_val: 0.3500 time: 0.0060s
Epoch: 0160 loss_train: 2.1109 acc_train: 0.3143 loss_val: 2.1092 acc_val: 0.3500 time: 0.0060s
Epoch: 0161 loss_train: 2.1124 acc_train: 0.2643 loss_val: 2.1033 acc_val: 0.3500 time: 0.0060s
Epoch: 0162 loss_train: 2.1084 acc_train: 0.3143 loss_val: 2.0976 acc_val: 0.3500 time: 0.0070s
Epoch: 0163 loss_train: 2.0639 acc_train: 0.2857 loss_val: 2.0919 acc_val: 0.3500 time: 0.0060s
Epoch: 0164 loss_train: 2.1258 acc_train: 0.2857 loss_val: 2.0863 acc_val: 0.3500 time: 0.0070s
Epoch: 0165 loss_train: 2.0578 acc_train: 0.2929 loss_val: 2.0809 acc_val: 0.3500 time: 0.0060s
Epoch: 0166 loss_train: 2.0502 acc_train: 0.3143 loss_val: 2.0756 acc_val: 0.3500 time: 0.0069s
Epoch: 0167 loss_train: 2.0751 acc_train: 0.2857 loss_val: 2.0703 acc_val: 0.3500 time: 0.0060s
Epoch: 0168 loss_train: 2.0561 acc_train: 0.3214 loss_val: 2.0652 acc_val: 0.3500 time: 0.0060s
Epoch: 0169 loss_train: 2.0630 acc_train: 0.2714 loss_val: 2.0603 acc_val: 0.3500 time: 0.0070s
Epoch: 0170 loss_train: 2.0419 acc_train: 0.2929 loss_val: 2.0554 acc_val: 0.3500 time: 0.0060s
Epoch: 0171 loss_train: 2.0489 acc_train: 0.3000 loss_val: 2.0506 acc_val: 0.3500 time: 0.0069s
Epoch: 0172 loss_train: 2.0422 acc_train: 0.2929 loss_val: 2.0459 acc_val: 0.3500 time: 0.0070s
Epoch: 0173 loss_train: 2.0312 acc_train: 0.3000 loss_val: 2.0413 acc_val: 0.3500 time: 0.0060s
Epoch: 0174 loss_train: 2.0473 acc_train: 0.2714 loss_val: 2.0368 acc_val: 0.3500 time: 0.0060s
Epoch: 0175 loss_train: 2.0058 acc_train: 0.3214 loss_val: 2.0324 acc_val: 0.3500 time: 0.0060s
Epoch: 0176 loss_train: 2.0336 acc_train: 0.3071 loss_val: 2.0280 acc_val: 0.3500 time: 0.0060s
Epoch: 0177 loss_train: 2.0455 acc_train: 0.2429 loss_val: 2.0238 acc_val: 0.3500 time: 0.0070s
Epoch: 0178 loss_train: 2.0322 acc_train: 0.3000 loss_val: 2.0197 acc_val: 0.3500 time: 0.0060s
Epoch: 0179 loss_train: 1.9760 acc_train: 0.2857 loss_val: 2.0156 acc_val: 0.3500 time: 0.0070s
Epoch: 0180 loss_train: 2.0056 acc_train: 0.3000 loss_val: 2.0116 acc_val: 0.3500 time: 0.0060s
Epoch: 0181 loss_train: 1.9950 acc_train: 0.2714 loss_val: 2.0077 acc_val: 0.3500 time: 0.0070s
Epoch: 0182 loss_train: 2.0249 acc_train: 0.2929 loss_val: 2.0039 acc_val: 0.3500 time: 0.0060s
Epoch: 0183 loss_train: 2.0172 acc_train: 0.2643 loss_val: 2.0001 acc_val: 0.3500 time: 0.0070s
Epoch: 0184 loss_train: 1.9990 acc_train: 0.2714 loss_val: 1.9965 acc_val: 0.3500 time: 0.0060s
Epoch: 0185 loss_train: 2.0320 acc_train: 0.3000 loss_val: 1.9929 acc_val: 0.3500 time: 0.0060s
Epoch: 0186 loss_train: 1.9999 acc_train: 0.2714 loss_val: 1.9894 acc_val: 0.3500 time: 0.0070s
Epoch: 0187 loss_train: 1.9662 acc_train: 0.2929 loss_val: 1.9859 acc_val: 0.3500 time: 0.0060s
Epoch: 0188 loss_train: 1.9904 acc_train: 0.2929 loss_val: 1.9825 acc_val: 0.3500 time: 0.0083s
Epoch: 0189 loss_train: 1.9853 acc_train: 0.2786 loss_val: 1.9792 acc_val: 0.3500 time: 0.0070s
Epoch: 0190 loss_train: 1.9777 acc_train: 0.2714 loss_val: 1.9759 acc_val: 0.3500 time: 0.0079s
Epoch: 0191 loss_train: 1.9808 acc_train: 0.3000 loss_val: 1.9726 acc_val: 0.3500 time: 0.0080s
Epoch: 0192 loss_train: 1.9846 acc_train: 0.2857 loss_val: 1.9694 acc_val: 0.3500 time: 0.0070s
Epoch: 0193 loss_train: 1.9742 acc_train: 0.2929 loss_val: 1.9663 acc_val: 0.3500 time: 0.0070s
Epoch: 0194 loss_train: 1.9803 acc_train: 0.2857 loss_val: 1.9632 acc_val: 0.3500 time: 0.0060s
Epoch: 0195 loss_train: 1.9553 acc_train: 0.2929 loss_val: 1.9601 acc_val: 0.3500 time: 0.0070s
Epoch: 0196 loss_train: 1.9548 acc_train: 0.2929 loss_val: 1.9571 acc_val: 0.3500 time: 0.0060s
Epoch: 0197 loss_train: 1.9478 acc_train: 0.2857 loss_val: 1.9542 acc_val: 0.3500 time: 0.0070s
Epoch: 0198 loss_train: 1.9611 acc_train: 0.2786 loss_val: 1.9512 acc_val: 0.3500 time: 0.0060s
Epoch: 0199 loss_train: 1.9373 acc_train: 0.3143 loss_val: 1.9484 acc_val: 0.3500 time: 0.0060s
Epoch: 0200 loss_train: 1.9319 acc_train: 0.2929 loss_val: 1.9456 acc_val: 0.3500 time: 0.0070s
Epoch: 0201 loss_train: 1.9570 acc_train: 0.2929 loss_val: 1.9428 acc_val: 0.3500 time: 0.0060s
Epoch: 0202 loss_train: 1.9551 acc_train: 0.3143 loss_val: 1.9400 acc_val: 0.3500 time: 0.0070s
Epoch: 0203 loss_train: 1.9422 acc_train: 0.3143 loss_val: 1.9373 acc_val: 0.3500 time: 0.0060s
Epoch: 0204 loss_train: 1.9596 acc_train: 0.2857 loss_val: 1.9346 acc_val: 0.3500 time: 0.0069s
Epoch: 0205 loss_train: 1.9280 acc_train: 0.3000 loss_val: 1.9320 acc_val: 0.3500 time: 0.0060s
Epoch: 0206 loss_train: 1.9323 acc_train: 0.2929 loss_val: 1.9294 acc_val: 0.3500 time: 0.0060s
Epoch: 0207 loss_train: 1.9150 acc_train: 0.3214 loss_val: 1.9268 acc_val: 0.3500 time: 0.0070s
Epoch: 0208 loss_train: 1.9004 acc_train: 0.2929 loss_val: 1.9243 acc_val: 0.3500 time: 0.0060s
Epoch: 0209 loss_train: 1.9305 acc_train: 0.2857 loss_val: 1.9218 acc_val: 0.3500 time: 0.0070s
Epoch: 0210 loss_train: 1.9057 acc_train: 0.2929 loss_val: 1.9193 acc_val: 0.3500 time: 0.0060s
Epoch: 0211 loss_train: 1.8950 acc_train: 0.3143 loss_val: 1.9169 acc_val: 0.3500 time: 0.0070s
Epoch: 0212 loss_train: 1.9363 acc_train: 0.3000 loss_val: 1.9145 acc_val: 0.3500 time: 0.0060s
Epoch: 0213 loss_train: 1.9254 acc_train: 0.2929 loss_val: 1.9121 acc_val: 0.3500 time: 0.0060s
Epoch: 0214 loss_train: 1.9183 acc_train: 0.2857 loss_val: 1.9098 acc_val: 0.3500 time: 0.0070s
Epoch: 0215 loss_train: 1.9048 acc_train: 0.2929 loss_val: 1.9075 acc_val: 0.3500 time: 0.0060s
Epoch: 0216 loss_train: 1.9206 acc_train: 0.2929 loss_val: 1.9052 acc_val: 0.3500 time: 0.0070s
Epoch: 0217 loss_train: 1.9132 acc_train: 0.2714 loss_val: 1.9030 acc_val: 0.3500 time: 0.0059s
Epoch: 0218 loss_train: 1.9025 acc_train: 0.2786 loss_val: 1.9008 acc_val: 0.3500 time: 0.0060s
Epoch: 0219 loss_train: 1.9261 acc_train: 0.2929 loss_val: 1.8986 acc_val: 0.3500 time: 0.0070s
Epoch: 0220 loss_train: 1.8885 acc_train: 0.3214 loss_val: 1.8965 acc_val: 0.3500 time: 0.0060s
Epoch: 0221 loss_train: 1.8961 acc_train: 0.2929 loss_val: 1.8943 acc_val: 0.3500 time: 0.0070s
Epoch: 0222 loss_train: 1.9158 acc_train: 0.2857 loss_val: 1.8923 acc_val: 0.3500 time: 0.0060s
Epoch: 0223 loss_train: 1.8909 acc_train: 0.2929 loss_val: 1.8902 acc_val: 0.3500 time: 0.0060s
Epoch: 0224 loss_train: 1.8947 acc_train: 0.2786 loss_val: 1.8882 acc_val: 0.3500 time: 0.0070s
Epoch: 0225 loss_train: 1.8790 acc_train: 0.2714 loss_val: 1.8862 acc_val: 0.3500 time: 0.0060s
Epoch: 0226 loss_train: 1.8939 acc_train: 0.3357 loss_val: 1.8842 acc_val: 0.3500 time: 0.0070s
Epoch: 0227 loss_train: 1.8816 acc_train: 0.2857 loss_val: 1.8822 acc_val: 0.3500 time: 0.0060s
Epoch: 0228 loss_train: 1.8931 acc_train: 0.2857 loss_val: 1.8803 acc_val: 0.3500 time: 0.0070s
Epoch: 0229 loss_train: 1.9059 acc_train: 0.2714 loss_val: 1.8783 acc_val: 0.3500 time: 0.0070s
Epoch: 0230 loss_train: 1.8924 acc_train: 0.3071 loss_val: 1.8764 acc_val: 0.3500 time: 0.0060s
Epoch: 0231 loss_train: 1.8659 acc_train: 0.2929 loss_val: 1.8746 acc_val: 0.3500 time: 0.0070s
Epoch: 0232 loss_train: 1.8964 acc_train: 0.2857 loss_val: 1.8727 acc_val: 0.3500 time: 0.0060s
Epoch: 0233 loss_train: 1.8775 acc_train: 0.3000 loss_val: 1.8709 acc_val: 0.3500 time: 0.0070s
Epoch: 0234 loss_train: 1.8751 acc_train: 0.2857 loss_val: 1.8691 acc_val: 0.3500 time: 0.0060s
Epoch: 0235 loss_train: 1.8838 acc_train: 0.2929 loss_val: 1.8674 acc_val: 0.3500 time: 0.0070s
Epoch: 0236 loss_train: 1.8889 acc_train: 0.2929 loss_val: 1.8657 acc_val: 0.3500 time: 0.0060s
Epoch: 0237 loss_train: 1.8693 acc_train: 0.3000 loss_val: 1.8640 acc_val: 0.3500 time: 0.0070s
Epoch: 0238 loss_train: 1.8923 acc_train: 0.2643 loss_val: 1.8624 acc_val: 0.3500 time: 0.0060s
Epoch: 0239 loss_train: 1.8653 acc_train: 0.2786 loss_val: 1.8608 acc_val: 0.3500 time: 0.0060s
Epoch: 0240 loss_train: 1.8651 acc_train: 0.3000 loss_val: 1.8592 acc_val: 0.3500 time: 0.0070s
Epoch: 0241 loss_train: 1.8540 acc_train: 0.3000 loss_val: 1.8576 acc_val: 0.3500 time: 0.0060s
Epoch: 0242 loss_train: 1.8739 acc_train: 0.2929 loss_val: 1.8560 acc_val: 0.3500 time: 0.0070s
Epoch: 0243 loss_train: 1.8527 acc_train: 0.3000 loss_val: 1.8545 acc_val: 0.3500 time: 0.0060s
Epoch: 0244 loss_train: 1.8672 acc_train: 0.2786 loss_val: 1.8530 acc_val: 0.3500 time: 0.0060s
Epoch: 0245 loss_train: 1.8625 acc_train: 0.3071 loss_val: 1.8515 acc_val: 0.3500 time: 0.0060s
Epoch: 0246 loss_train: 1.8462 acc_train: 0.2929 loss_val: 1.8500 acc_val: 0.3500 time: 0.0070s
Epoch: 0247 loss_train: 1.8553 acc_train: 0.3071 loss_val: 1.8485 acc_val: 0.3500 time: 0.0060s
Epoch: 0248 loss_train: 1.8782 acc_train: 0.2857 loss_val: 1.8471 acc_val: 0.3500 time: 0.0060s
Epoch: 0249 loss_train: 1.8666 acc_train: 0.3143 loss_val: 1.8456 acc_val: 0.3500 time: 0.0060s
Epoch: 0250 loss_train: 1.8455 acc_train: 0.3143 loss_val: 1.8442 acc_val: 0.3500 time: 0.0060s
Epoch: 0251 loss_train: 1.8640 acc_train: 0.2857 loss_val: 1.8428 acc_val: 0.3500 time: 0.0070s
Epoch: 0252 loss_train: 1.8734 acc_train: 0.2786 loss_val: 1.8414 acc_val: 0.3500 time: 0.0060s
Epoch: 0253 loss_train: 1.8467 acc_train: 0.2929 loss_val: 1.8400 acc_val: 0.3500 time: 0.0070s
Epoch: 0254 loss_train: 1.8681 acc_train: 0.2714 loss_val: 1.8387 acc_val: 0.3500 time: 0.0060s
Epoch: 0255 loss_train: 1.8425 acc_train: 0.2929 loss_val: 1.8373 acc_val: 0.3500 time: 0.0060s
Epoch: 0256 loss_train: 1.8466 acc_train: 0.3000 loss_val: 1.8360 acc_val: 0.3500 time: 0.0070s
Epoch: 0257 loss_train: 1.8286 acc_train: 0.2857 loss_val: 1.8347 acc_val: 0.3500 time: 0.0060s
Epoch: 0258 loss_train: 1.8402 acc_train: 0.2929 loss_val: 1.8334 acc_val: 0.3500 time: 0.0070s
Epoch: 0259 loss_train: 1.8494 acc_train: 0.2929 loss_val: 1.8320 acc_val: 0.3500 time: 0.0060s
Epoch: 0260 loss_train: 1.8381 acc_train: 0.2857 loss_val: 1.8307 acc_val: 0.3500 time: 0.0070s
Epoch: 0261 loss_train: 1.8484 acc_train: 0.2929 loss_val: 1.8294 acc_val: 0.3500 time: 0.0060s
Epoch: 0262 loss_train: 1.8326 acc_train: 0.3000 loss_val: 1.8282 acc_val: 0.3500 time: 0.0060s
Epoch: 0263 loss_train: 1.8401 acc_train: 0.3000 loss_val: 1.8270 acc_val: 0.3500 time: 0.0070s
Epoch: 0264 loss_train: 1.8308 acc_train: 0.2929 loss_val: 1.8258 acc_val: 0.3500 time: 0.0060s
Epoch: 0265 loss_train: 1.8528 acc_train: 0.2786 loss_val: 1.8246 acc_val: 0.3500 time: 0.0070s
Epoch: 0266 loss_train: 1.8041 acc_train: 0.2929 loss_val: 1.8234 acc_val: 0.3500 time: 0.0059s
Epoch: 0267 loss_train: 1.8406 acc_train: 0.2929 loss_val: 1.8222 acc_val: 0.3500 time: 0.0060s
Epoch: 0268 loss_train: 1.8154 acc_train: 0.3000 loss_val: 1.8211 acc_val: 0.3500 time: 0.0070s
Epoch: 0269 loss_train: 1.8405 acc_train: 0.2857 loss_val: 1.8199 acc_val: 0.3500 time: 0.0070s
Epoch: 0270 loss_train: 1.8168 acc_train: 0.2857 loss_val: 1.8187 acc_val: 0.3500 time: 0.0060s
Epoch: 0271 loss_train: 1.8132 acc_train: 0.2929 loss_val: 1.8176 acc_val: 0.3500 time: 0.0070s
Epoch: 0272 loss_train: 1.8040 acc_train: 0.2929 loss_val: 1.8165 acc_val: 0.3500 time: 0.0070s
Epoch: 0273 loss_train: 1.8266 acc_train: 0.2857 loss_val: 1.8153 acc_val: 0.3500 time: 0.0060s
Epoch: 0274 loss_train: 1.8105 acc_train: 0.3000 loss_val: 1.8142 acc_val: 0.3500 time: 0.0060s
Epoch: 0275 loss_train: 1.8176 acc_train: 0.2929 loss_val: 1.8130 acc_val: 0.3500 time: 0.0070s
Epoch: 0276 loss_train: 1.8195 acc_train: 0.2929 loss_val: 1.8119 acc_val: 0.3500 time: 0.0070s
Epoch: 0277 loss_train: 1.8041 acc_train: 0.2929 loss_val: 1.8107 acc_val: 0.3500 time: 0.0060s
Epoch: 0278 loss_train: 1.8055 acc_train: 0.3071 loss_val: 1.8096 acc_val: 0.3500 time: 0.0060s
Epoch: 0279 loss_train: 1.8222 acc_train: 0.3000 loss_val: 1.8085 acc_val: 0.3500 time: 0.0070s
Epoch: 0280 loss_train: 1.8180 acc_train: 0.2929 loss_val: 1.8074 acc_val: 0.3500 time: 0.0060s
Epoch: 0281 loss_train: 1.8027 acc_train: 0.2929 loss_val: 1.8064 acc_val: 0.3500 time: 0.0070s
Epoch: 0282 loss_train: 1.7998 acc_train: 0.3000 loss_val: 1.8053 acc_val: 0.3500 time: 0.0060s
Epoch: 0283 loss_train: 1.8020 acc_train: 0.3000 loss_val: 1.8043 acc_val: 0.3500 time: 0.0070s
Epoch: 0284 loss_train: 1.8004 acc_train: 0.3071 loss_val: 1.8033 acc_val: 0.3500 time: 0.0060s
Epoch: 0285 loss_train: 1.8141 acc_train: 0.2786 loss_val: 1.8022 acc_val: 0.3500 time: 0.0070s
Epoch: 0286 loss_train: 1.8201 acc_train: 0.2929 loss_val: 1.8012 acc_val: 0.3500 time: 0.0060s
Epoch: 0287 loss_train: 1.7969 acc_train: 0.3000 loss_val: 1.8002 acc_val: 0.3500 time: 0.0060s
Epoch: 0288 loss_train: 1.8269 acc_train: 0.2929 loss_val: 1.7992 acc_val: 0.3500 time: 0.0070s
Epoch: 0289 loss_train: 1.8121 acc_train: 0.3071 loss_val: 1.7982 acc_val: 0.3500 time: 0.0070s
Epoch: 0290 loss_train: 1.7937 acc_train: 0.3000 loss_val: 1.7972 acc_val: 0.3500 time: 0.0060s
Epoch: 0291 loss_train: 1.7948 acc_train: 0.2929 loss_val: 1.7963 acc_val: 0.3500 time: 0.0070s
Epoch: 0292 loss_train: 1.8044 acc_train: 0.3071 loss_val: 1.7953 acc_val: 0.3500 time: 0.0070s
Epoch: 0293 loss_train: 1.8109 acc_train: 0.2929 loss_val: 1.7943 acc_val: 0.3500 time: 0.0060s
Epoch: 0294 loss_train: 1.8077 acc_train: 0.2929 loss_val: 1.7933 acc_val: 0.3500 time: 0.0070s
Epoch: 0295 loss_train: 1.7965 acc_train: 0.3000 loss_val: 1.7924 acc_val: 0.3500 time: 0.0060s
Epoch: 0296 loss_train: 1.7890 acc_train: 0.3000 loss_val: 1.7915 acc_val: 0.3500 time: 0.0070s
Epoch: 0297 loss_train: 1.7752 acc_train: 0.3000 loss_val: 1.7905 acc_val: 0.3500 time: 0.0060s
Epoch: 0298 loss_train: 1.7665 acc_train: 0.2929 loss_val: 1.7896 acc_val: 0.3500 time: 0.0069s
Epoch: 0299 loss_train: 1.7867 acc_train: 0.2929 loss_val: 1.7887 acc_val: 0.3500 time: 0.0060s
Epoch: 0300 loss_train: 1.7718 acc_train: 0.2714 loss_val: 1.7878 acc_val: 0.3500 time: 0.0060s
Optimization Finished!
Total time elapsed: 2.3509s
Test set results: loss= 1.8813 accuracy= 0.3090
